<?xml version="1.0" encoding="UTF-8"?>
<testng-results ignored="0" total="1" passed="1" failed="0" skipped="0">
  <reporter-output>
  </reporter-output>
  <suite started-at="2024-12-05T12:58:17 IST" name="Default suite" finished-at="2024-12-05T12:58:24 IST" duration-ms="6738">
    <groups>
    </groups>
    <test started-at="2024-12-05T12:58:17 IST" name="Default test" finished-at="2024-12-05T12:58:24 IST" duration-ms="6738">
      <class name="com.synechron.practise.SoftNHardAssertion">
        <test-method signature="Soft()[pri:0, instance:com.synechron.practise.SoftNHardAssertion@689604d9]" started-at="2024-12-05T12:58:17 IST" name="Soft" finished-at="2024-12-05T12:58:24 IST" duration-ms="6676" status="PASS">
          <reporter-output>
          </reporter-output>
        </test-method> <!-- Soft -->
      </class> <!-- com.synechron.practise.SoftNHardAssertion -->
    </test> <!-- Default test -->
  </suite> <!-- Default suite -->
</testng-results>
